build/app/intermediates/manifest_merge_blame_file/release/manifest-merger-blame-release-report.txt
1<?xml version="1.0" encoding="utf-8"?>
2<manifest xmlns:android="http://schemas.android.com/apk/res/android"
3    package="com.Rendezous.Rendezvous"
4    android:versionCode="1"
5    android:versionName="1.0.0" >
6
7    <uses-sdk
8        android:minSdkVersion="16"
8-->src\main\AndroidManifest.xml
9        android:targetSdkVersion="29" />
9-->src\main\AndroidManifest.xml
10    <!--
11         io.flutter.app.FlutterApplication is an android.app.Application that
12         calls FlutterMain.startInitialization(this); in its onCreate method.
13         In most cases you can leave this as-is, but you if you want to provide
14         additional functionality it is fine to subclass or reimplement
15         FlutterApplication and put your custom class here.
16    -->
17    <uses-permission android:name="android.permission.INTERNET" />
17-->src\main\AndroidManifest.xml:8:5-66
17-->src\main\AndroidManifest.xml:8:22-64
18    <uses-permission android:name="android.permission.ACCESS_FINE_LOCATION" />
18-->src\main\AndroidManifest.xml:9:5-78
18-->src\main\AndroidManifest.xml:9:22-76
19    <uses-permission android:name="android.permission.ACCESS_NETWORK_STATE" />
19-->[:firebase_analytics] AndroidManifest.xml:7:5-79
19-->[:firebase_analytics] AndroidManifest.xml:7:22-76
20    <uses-permission android:name="android.permission.WAKE_LOCK" />
20-->[:firebase_analytics] AndroidManifest.xml:9:5-68
20-->[:firebase_analytics] AndroidManifest.xml:9:22-65
21    <uses-permission android:name="android.permission.READ_EXTERNAL_STORAGE" />
21-->[:image_picker] AndroidManifest.xml:7:5-80
21-->[:image_picker] AndroidManifest.xml:7:22-77
22    <uses-permission android:name="android.permission.WRITE_EXTERNAL_STORAGE" />
22-->[:image_picker] AndroidManifest.xml:8:5-81
22-->[:image_picker] AndroidManifest.xml:8:22-78
23    <uses-permission android:name="com.google.android.finsky.permission.BIND_GET_INSTALL_REFERRER_SERVICE" /> <!-- Required by older versions of Google Play services to create IID tokens -->
23-->[com.google.android.gms:play-services-measurement:17.2.2] AndroidManifest.xml:26:5-110
23-->[com.google.android.gms:play-services-measurement:17.2.2] AndroidManifest.xml:26:22-107
24    <uses-permission android:name="com.google.android.c2dm.permission.RECEIVE" />
24-->[com.google.firebase:firebase-iid:20.0.2] AndroidManifest.xml:26:5-82
24-->[com.google.firebase:firebase-iid:20.0.2] AndroidManifest.xml:26:22-79
25
26    <uses-feature
26-->[com.google.android.gms:play-services-maps:17.0.0] AndroidManifest.xml:26:5-28:35
27        android:glEsVersion="0x00020000"
27-->[com.google.android.gms:play-services-maps:17.0.0] AndroidManifest.xml:27:9-41
28        android:required="true" />
28-->[com.google.android.gms:play-services-maps:17.0.0] AndroidManifest.xml:28:9-32
29
30    <application
30-->src\main\AndroidManifest.xml:10:5-59:19
31        android:name="io.flutter.app.FlutterApplication"
31-->src\main\AndroidManifest.xml:11:9-57
32        android:appComponentFactory="androidx.core.app.CoreComponentFactory"
32-->[androidx.core:core:1.2.0] AndroidManifest.xml:24:18-86
33        android:icon="@mipmap/rendezvous_icon"
33-->src\main\AndroidManifest.xml:13:9-47
34        android:label="Rendezvous" >
34-->src\main\AndroidManifest.xml:12:9-35
35        <meta-data
35-->src\main\AndroidManifest.xml:14:9-16:71
36            android:name="com.google.android.geo.API_KEY"
36-->src\main\AndroidManifest.xml:15:13-58
37            android:value="AIzaSyCWiD_UhJO573Mc5RoKjRbzu8r_YYKl30M" />
37-->src\main\AndroidManifest.xml:16:13-68
38
39        <activity
39-->src\main\AndroidManifest.xml:17:9-53:20
40            android:name="com.example.flutter_complete_guide.MainActivity"
40-->src\main\AndroidManifest.xml:18:13-41
41            android:configChanges="orientation|keyboardHidden|keyboard|screenSize|smallestScreenSize|locale|layoutDirection|fontScale|screenLayout|density|uiMode"
41-->src\main\AndroidManifest.xml:21:13-163
42            android:hardwareAccelerated="true"
42-->src\main\AndroidManifest.xml:22:13-47
43            android:launchMode="singleTop"
43-->src\main\AndroidManifest.xml:19:13-43
44            android:theme="@style/LaunchTheme"
44-->src\main\AndroidManifest.xml:20:13-47
45            android:windowSoftInputMode="adjustResize" >
45-->src\main\AndroidManifest.xml:23:13-55
46
47            <!--
48                 Specifies an Android theme to apply to this Activity as soon as
49                 the Android process has started. This theme is visible to the user
50                 while the Flutter UI initializes. After that, this theme continues
51                 to determine the Window background behind the Flutter UI.
52            -->
53            <meta-data
53-->src\main\AndroidManifest.xml:28:13-31:17
54                android:name="io.flutter.embedding.android.NormalTheme"
54-->src\main\AndroidManifest.xml:29:15-70
55                android:resource="@style/NormalTheme" />
55-->src\main\AndroidManifest.xml:30:15-52
56            <!--
57                 Displays an Android View that continues showing the launch screen
58                 Drawable until Flutter paints its first frame, then this splash
59                 screen fades out. A splash screen is useful to avoid any visual
60                 gap between the end of Android's launch screen and the painting of
61                 Flutter's first frame.
62            -->
63            <meta-data
63-->src\main\AndroidManifest.xml:37:13-40:17
64                android:name="io.flutter.embedding.android.SplashScreenDrawable"
64-->src\main\AndroidManifest.xml:38:15-79
65                android:resource="@drawable/launch_background" />
65-->src\main\AndroidManifest.xml:39:15-61
66
67            <intent-filter>
67-->src\main\AndroidManifest.xml:41:13-44:29
68                <action android:name="android.intent.action.MAIN" />
68-->src\main\AndroidManifest.xml:42:17-68
68-->src\main\AndroidManifest.xml:42:25-66
69
70                <category android:name="android.intent.category.LAUNCHER" />
70-->src\main\AndroidManifest.xml:43:17-76
70-->src\main\AndroidManifest.xml:43:27-74
71            </intent-filter>
72            <intent-filter>
72-->src\main\AndroidManifest.xml:46:13-52:29
73                <action android:name="android.intent.action.VIEW" />
73-->src\main\AndroidManifest.xml:47:17-68
73-->src\main\AndroidManifest.xml:47:25-66
74
75                <category android:name="android.intent.category.DEFAULT" />
75-->src\main\AndroidManifest.xml:48:17-75
75-->src\main\AndroidManifest.xml:48:27-73
76                <category android:name="android.intent.category.BROWSABLE" />
76-->src\main\AndroidManifest.xml:49:17-77
76-->src\main\AndroidManifest.xml:49:27-75
77
78                <data
78-->src\main\AndroidManifest.xml:50:17-73
79                    android:host="example.com"
79-->src\main\AndroidManifest.xml:50:23-49
80                    android:scheme="http" />
80-->src\main\AndroidManifest.xml:50:50-71
81                <data
81-->src\main\AndroidManifest.xml:50:17-73
82                    android:host="example.com"
82-->src\main\AndroidManifest.xml:50:23-49
83                    android:scheme="https" />
83-->src\main\AndroidManifest.xml:50:50-71
84            </intent-filter>
85        </activity>
86        <!--
87             Don't delete the meta-data below.
88             This is used by the Flutter tool to generate GeneratedPluginRegistrant.java
89        -->
90        <meta-data
90-->src\main\AndroidManifest.xml:56:9-58:33
91            android:name="flutterEmbedding"
91-->src\main\AndroidManifest.xml:57:13-44
92            android:value="2" />
92-->src\main\AndroidManifest.xml:58:13-30
93
94        <service
94-->[:firebase_analytics] AndroidManifest.xml:12:9-16:19
95            android:name="com.google.firebase.components.ComponentDiscoveryService"
95-->[:firebase_analytics] AndroidManifest.xml:12:18-89
96            android:directBootAware="true"
96-->[com.google.firebase:firebase-common:19.3.0] AndroidManifest.xml:34:13-43
97            android:exported="false" >
97-->[com.google.android.gms:play-services-measurement-api:17.2.2] AndroidManifest.xml:29:13-37
98            <meta-data
98-->[:firebase_analytics] AndroidManifest.xml:13:13-15:85
99                android:name="com.google.firebase.components:io.flutter.plugins.firebaseanalytics.FlutterFirebaseAppRegistrar"
99-->[:firebase_analytics] AndroidManifest.xml:14:17-127
100                android:value="com.google.firebase.components.ComponentRegistrar" />
100-->[:firebase_analytics] AndroidManifest.xml:15:17-82
101            <meta-data
101-->[:firebase_storage] AndroidManifest.xml:9:13-11:85
102                android:name="com.google.firebase.components:io.flutter.plugins.firebase.storage.FlutterFirebaseAppRegistrar"
102-->[:firebase_storage] AndroidManifest.xml:10:17-126
103                android:value="com.google.firebase.components.ComponentRegistrar" />
103-->[:firebase_storage] AndroidManifest.xml:11:17-82
104            <meta-data
104-->[:cloud_firestore] AndroidManifest.xml:9:13-11:85
105                android:name="com.google.firebase.components:io.flutter.plugins.firebase.cloudfirestore.FlutterFirebaseAppRegistrar"
105-->[:cloud_firestore] AndroidManifest.xml:10:17-133
106                android:value="com.google.firebase.components.ComponentRegistrar" />
106-->[:cloud_firestore] AndroidManifest.xml:11:17-82
107            <meta-data
107-->[:firebase_auth] AndroidManifest.xml:9:13-11:85
108                android:name="com.google.firebase.components:io.flutter.plugins.firebaseauth.FlutterFirebaseAppRegistrar"
108-->[:firebase_auth] AndroidManifest.xml:10:17-122
109                android:value="com.google.firebase.components.ComponentRegistrar" />
109-->[:firebase_auth] AndroidManifest.xml:11:17-82
110            <meta-data
110-->[:firebase_core] AndroidManifest.xml:9:13-11:85
111                android:name="com.google.firebase.components:io.flutter.plugins.firebase.core.FlutterFirebaseAppRegistrar"
111-->[:firebase_core] AndroidManifest.xml:10:17-123
112                android:value="com.google.firebase.components.ComponentRegistrar" />
112-->[:firebase_core] AndroidManifest.xml:11:17-82
113            <meta-data
113-->[:firebase_dynamic_links] AndroidManifest.xml:11:13-13:85
114                android:name="com.google.firebase.components:io.flutter.plugins.firebasedynamiclinks.FlutterFirebaseAppRegistrar"
114-->[:firebase_dynamic_links] AndroidManifest.xml:12:17-130
115                android:value="com.google.firebase.components.ComponentRegistrar" />
115-->[:firebase_dynamic_links] AndroidManifest.xml:13:17-82
116            <meta-data
116-->[com.google.android.gms:play-services-measurement-api:17.2.2] AndroidManifest.xml:30:13-32:85
117                android:name="com.google.firebase.components:com.google.firebase.analytics.connector.internal.AnalyticsConnectorRegistrar"
117-->[com.google.android.gms:play-services-measurement-api:17.2.2] AndroidManifest.xml:31:17-139
118                android:value="com.google.firebase.components.ComponentRegistrar" />
118-->[com.google.android.gms:play-services-measurement-api:17.2.2] AndroidManifest.xml:32:17-82
119            <meta-data
119-->[com.google.firebase:firebase-storage:17.0.0] AndroidManifest.xml:31:13-33:85
120                android:name="com.google.firebase.components:com.google.firebase.storage.StorageRegistrar"
120-->[com.google.firebase:firebase-storage:17.0.0] AndroidManifest.xml:32:17-107
121                android:value="com.google.firebase.components.ComponentRegistrar" />
121-->[com.google.firebase:firebase-storage:17.0.0] AndroidManifest.xml:33:17-82
122            <meta-data
122-->[com.google.firebase:firebase-dynamic-links:16.1.8] AndroidManifest.xml:9:13-11:85
123                android:name="com.google.firebase.components:com.google.firebase.dynamiclinks.internal.FirebaseDynamicLinkRegistrar"
123-->[com.google.firebase:firebase-dynamic-links:16.1.8] AndroidManifest.xml:10:17-133
124                android:value="com.google.firebase.components.ComponentRegistrar" />
124-->[com.google.firebase:firebase-dynamic-links:16.1.8] AndroidManifest.xml:11:17-82
125            <meta-data
125-->[com.google.firebase:firebase-firestore:21.3.0] AndroidManifest.xml:20:13-22:85
126                android:name="com.google.firebase.components:com.google.firebase.firestore.FirestoreRegistrar"
126-->[com.google.firebase:firebase-firestore:21.3.0] AndroidManifest.xml:21:17-111
127                android:value="com.google.firebase.components.ComponentRegistrar" />
127-->[com.google.firebase:firebase-firestore:21.3.0] AndroidManifest.xml:22:17-82
128            <meta-data
128-->[com.google.firebase:firebase-auth:17.0.0] AndroidManifest.xml:36:13-38:85
129                android:name="com.google.firebase.components:com.google.firebase.auth.FirebaseAuthRegistrar"
129-->[com.google.firebase:firebase-auth:17.0.0] AndroidManifest.xml:37:17-109
130                android:value="com.google.firebase.components.ComponentRegistrar" />
130-->[com.google.firebase:firebase-auth:17.0.0] AndroidManifest.xml:38:17-82
131            <meta-data
131-->[com.google.firebase:firebase-iid:20.0.2] AndroidManifest.xml:32:13-34:85
132                android:name="com.google.firebase.components:com.google.firebase.iid.Registrar"
132-->[com.google.firebase:firebase-iid:20.0.2] AndroidManifest.xml:33:17-96
133                android:value="com.google.firebase.components.ComponentRegistrar" />
133-->[com.google.firebase:firebase-iid:20.0.2] AndroidManifest.xml:34:17-82
134        </service>
135
136        <provider
136-->[:image_picker] AndroidManifest.xml:11:9-19:20
137            android:name="io.flutter.plugins.imagepicker.ImagePickerFileProvider"
137-->[:image_picker] AndroidManifest.xml:12:13-82
138            android:authorities="com.Rendezous.Rendezvous.flutter.image_provider"
138-->[:image_picker] AndroidManifest.xml:13:13-74
139            android:exported="false"
139-->[:image_picker] AndroidManifest.xml:14:13-37
140            android:grantUriPermissions="true" >
140-->[:image_picker] AndroidManifest.xml:15:13-47
141            <meta-data
141-->[:image_picker] AndroidManifest.xml:16:13-18:75
142                android:name="android.support.FILE_PROVIDER_PATHS"
142-->[:image_picker] AndroidManifest.xml:17:17-67
143                android:resource="@xml/flutter_image_picker_file_paths" />
143-->[:image_picker] AndroidManifest.xml:18:17-72
144        </provider>
145
146        <activity
146-->[:url_launcher] AndroidManifest.xml:8:9-11:74
147            android:name="io.flutter.plugins.urllauncher.WebViewActivity"
147-->[:url_launcher] AndroidManifest.xml:9:13-74
148            android:exported="false"
148-->[:url_launcher] AndroidManifest.xml:10:13-37
149            android:theme="@android:style/Theme.NoTitleBar.Fullscreen" />
149-->[:url_launcher] AndroidManifest.xml:11:13-71
150
151        <receiver
151-->[com.google.android.gms:play-services-measurement:17.2.2] AndroidManifest.xml:29:9-33:20
152            android:name="com.google.android.gms.measurement.AppMeasurementReceiver"
152-->[com.google.android.gms:play-services-measurement:17.2.2] AndroidManifest.xml:30:13-85
153            android:enabled="true"
153-->[com.google.android.gms:play-services-measurement:17.2.2] AndroidManifest.xml:31:13-35
154            android:exported="false" >
154-->[com.google.android.gms:play-services-measurement:17.2.2] AndroidManifest.xml:32:13-37
155        </receiver>
156        <receiver
156-->[com.google.android.gms:play-services-measurement:17.2.2] AndroidManifest.xml:34:9-42:20
157            android:name="com.google.android.gms.measurement.AppMeasurementInstallReferrerReceiver"
157-->[com.google.android.gms:play-services-measurement:17.2.2] AndroidManifest.xml:35:13-100
158            android:enabled="true"
158-->[com.google.android.gms:play-services-measurement:17.2.2] AndroidManifest.xml:36:13-35
159            android:exported="true"
159-->[com.google.android.gms:play-services-measurement:17.2.2] AndroidManifest.xml:37:13-36
160            android:permission="android.permission.INSTALL_PACKAGES" >
160-->[com.google.android.gms:play-services-measurement:17.2.2] AndroidManifest.xml:38:13-69
161            <intent-filter>
161-->[com.google.android.gms:play-services-measurement:17.2.2] AndroidManifest.xml:39:13-41:29
162                <action android:name="com.android.vending.INSTALL_REFERRER" />
162-->[com.google.android.gms:play-services-measurement:17.2.2] AndroidManifest.xml:40:17-79
162-->[com.google.android.gms:play-services-measurement:17.2.2] AndroidManifest.xml:40:25-76
163            </intent-filter>
164        </receiver>
165
166        <service
166-->[com.google.android.gms:play-services-measurement:17.2.2] AndroidManifest.xml:44:9-47:40
167            android:name="com.google.android.gms.measurement.AppMeasurementService"
167-->[com.google.android.gms:play-services-measurement:17.2.2] AndroidManifest.xml:45:13-84
168            android:enabled="true"
168-->[com.google.android.gms:play-services-measurement:17.2.2] AndroidManifest.xml:46:13-35
169            android:exported="false" />
169-->[com.google.android.gms:play-services-measurement:17.2.2] AndroidManifest.xml:47:13-37
170        <service
170-->[com.google.android.gms:play-services-measurement:17.2.2] AndroidManifest.xml:48:9-52:72
171            android:name="com.google.android.gms.measurement.AppMeasurementJobService"
171-->[com.google.android.gms:play-services-measurement:17.2.2] AndroidManifest.xml:49:13-87
172            android:enabled="true"
172-->[com.google.android.gms:play-services-measurement:17.2.2] AndroidManifest.xml:50:13-35
173            android:exported="false"
173-->[com.google.android.gms:play-services-measurement:17.2.2] AndroidManifest.xml:51:13-37
174            android:permission="android.permission.BIND_JOB_SERVICE" />
174-->[com.google.android.gms:play-services-measurement:17.2.2] AndroidManifest.xml:52:13-69
175
176        <activity
176-->[com.google.firebase:firebase-auth:17.0.0] AndroidManifest.xml:24:9-31:50
177            android:name="com.google.firebase.auth.internal.FederatedSignInActivity"
177-->[com.google.firebase:firebase-auth:17.0.0] AndroidManifest.xml:25:13-85
178            android:excludeFromRecents="true"
178-->[com.google.firebase:firebase-auth:17.0.0] AndroidManifest.xml:26:13-46
179            android:exported="true"
179-->[com.google.firebase:firebase-auth:17.0.0] AndroidManifest.xml:27:13-36
180            android:launchMode="singleTask"
180-->[com.google.firebase:firebase-auth:17.0.0] AndroidManifest.xml:28:13-44
181            android:permission="com.google.firebase.auth.api.gms.permission.LAUNCH_FEDERATED_SIGN_IN"
181-->[com.google.firebase:firebase-auth:17.0.0] AndroidManifest.xml:29:13-102
182            android:theme="@android:style/Theme.Translucent.NoTitleBar" />
182-->[com.google.firebase:firebase-auth:17.0.0] AndroidManifest.xml:30:13-72
183
184        <receiver
184-->[com.google.firebase:firebase-iid:20.0.2] AndroidManifest.xml:37:9-44:20
185            android:name="com.google.firebase.iid.FirebaseInstanceIdReceiver"
185-->[com.google.firebase:firebase-iid:20.0.2] AndroidManifest.xml:38:13-78
186            android:exported="true"
186-->[com.google.firebase:firebase-iid:20.0.2] AndroidManifest.xml:39:13-36
187            android:permission="com.google.android.c2dm.permission.SEND" >
187-->[com.google.firebase:firebase-iid:20.0.2] AndroidManifest.xml:40:13-73
188            <intent-filter>
188-->[com.google.firebase:firebase-iid:20.0.2] AndroidManifest.xml:41:13-43:29
189                <action android:name="com.google.android.c2dm.intent.RECEIVE" />
189-->[com.google.firebase:firebase-iid:20.0.2] AndroidManifest.xml:42:17-81
189-->[com.google.firebase:firebase-iid:20.0.2] AndroidManifest.xml:42:25-78
190            </intent-filter>
191        </receiver>
192
193        <provider
193-->[com.google.firebase:firebase-common:19.3.0] AndroidManifest.xml:26:9-30:39
194            android:name="com.google.firebase.provider.FirebaseInitProvider"
194-->[com.google.firebase:firebase-common:19.3.0] AndroidManifest.xml:27:13-77
195            android:authorities="com.Rendezous.Rendezvous.firebaseinitprovider"
195-->[com.google.firebase:firebase-common:19.3.0] AndroidManifest.xml:28:13-72
196            android:exported="false"
196-->[com.google.firebase:firebase-common:19.3.0] AndroidManifest.xml:29:13-37
197            android:initOrder="100" /> <!-- Needs to be explicitly declared on P+ -->
197-->[com.google.firebase:firebase-common:19.3.0] AndroidManifest.xml:30:13-36
198        <uses-library
198-->[com.google.android.gms:play-services-maps:17.0.0] AndroidManifest.xml:33:9-35:40
199            android:name="org.apache.http.legacy"
199-->[com.google.android.gms:play-services-maps:17.0.0] AndroidManifest.xml:34:13-50
200            android:required="false" />
200-->[com.google.android.gms:play-services-maps:17.0.0] AndroidManifest.xml:35:13-37
201
202        <activity
202-->[com.google.android.gms:play-services-base:17.2.1] AndroidManifest.xml:23:9-26:75
203            android:name="com.google.android.gms.common.api.GoogleApiActivity"
203-->[com.google.android.gms:play-services-base:17.2.1] AndroidManifest.xml:24:13-79
204            android:exported="false"
204-->[com.google.android.gms:play-services-base:17.2.1] AndroidManifest.xml:25:13-37
205            android:theme="@android:style/Theme.Translucent.NoTitleBar" />
205-->[com.google.android.gms:play-services-base:17.2.1] AndroidManifest.xml:26:13-72
206
207        <meta-data
207-->[com.google.android.gms:play-services-basement:17.2.1] AndroidManifest.xml:23:9-25:69
208            android:name="com.google.android.gms.version"
208-->[com.google.android.gms:play-services-basement:17.2.1] AndroidManifest.xml:24:13-58
209            android:value="@integer/google_play_services_version" />
209-->[com.google.android.gms:play-services-basement:17.2.1] AndroidManifest.xml:25:13-66
210    </application>
211
212</manifest>